[debug] [2021-05-07T20:34:20.509Z] ----------------------------------------------------------------------
[debug] [2021-05-07T20:34:20.511Z] Command:       /usr/local/bin/node /usr/local/bin/firebase deploy --only functions
[debug] [2021-05-07T20:34:20.511Z] CLI Version:   9.10.0
[debug] [2021-05-07T20:34:20.511Z] Platform:      darwin
[debug] [2021-05-07T20:34:20.511Z] Node Version:  v14.15.4
[debug] [2021-05-07T20:34:20.517Z] Time:          Fri May 07 2021 16:34:20 GMT-0400 (Eastern Daylight Time)
[debug] [2021-05-07T20:34:20.517Z] ----------------------------------------------------------------------
[debug] 
[debug] [2021-05-07T20:34:20.521Z] >>> [apiv2][query] GET https://firebase-public.firebaseio.com/cli.json [none]
[debug] [2021-05-07T20:34:20.547Z] > command requires scopes: ["email","openid","https://www.googleapis.com/auth/cloudplatformprojects.readonly","https://www.googleapis.com/auth/firebase","https://www.googleapis.com/auth/cloud-platform"]
[debug] [2021-05-07T20:34:20.548Z] > authorizing via signed-in user (mwirasz@gmail.com)
[debug] [2021-05-07T20:34:20.548Z] [iam] checking project spotbot-762b2 for permissions ["cloudfunctions.functions.create","cloudfunctions.functions.delete","cloudfunctions.functions.get","cloudfunctions.functions.list","cloudfunctions.functions.update","cloudfunctions.operations.get","firebase.projects.get"]
[debug] [2021-05-07T20:34:20.549Z] > refreshing access token with scopes: ["email","https://www.googleapis.com/auth/cloud-platform","https://www.googleapis.com/auth/cloudplatformprojects.readonly","https://www.googleapis.com/auth/firebase","openid"]
[debug] [2021-05-07T20:34:20.550Z] >>> HTTP REQUEST POST https://www.googleapis.com/oauth2/v3/token  
 <request body omitted>
[debug] [2021-05-07T20:34:20.731Z] <<< HTTP RESPONSE 200 {"date":"Fri, 07 May 2021 20:34:20 GMT","expires":"Mon, 01 Jan 1990 00:00:00 GMT","pragma":"no-cache","cache-control":"no-cache, no-store, max-age=0, must-revalidate","content-type":"application/json; charset=utf-8","vary":"X-Origin, Referer, Origin,Accept-Encoding","server":"scaffolding on HTTPServer2","x-xss-protection":"0","x-frame-options":"SAMEORIGIN","x-content-type-options":"nosniff","alt-svc":"h3-29=\":443\"; ma=2592000,h3-T051=\":443\"; ma=2592000,h3-Q050=\":443\"; ma=2592000,h3-Q046=\":443\"; ma=2592000,h3-Q043=\":443\"; ma=2592000,quic=\":443\"; ma=2592000; v=\"46,43\"","accept-ranges":"none","transfer-encoding":"chunked"}
[debug] [2021-05-07T20:34:20.767Z] >>> HTTP REQUEST POST https://cloudresourcemanager.googleapis.com/v1/projects/spotbot-762b2:testIamPermissions  
 {"permissions":["cloudfunctions.functions.create","cloudfunctions.functions.delete","cloudfunctions.functions.get","cloudfunctions.functions.list","cloudfunctions.functions.update","cloudfunctions.operations.get","firebase.projects.get"]}
[debug] [2021-05-07T20:34:20.774Z] <<< [apiv2][status] GET https://firebase-public.firebaseio.com/cli.json 200
[debug] [2021-05-07T20:34:20.774Z] <<< [apiv2][body] GET https://firebase-public.firebaseio.com/cli.json {"cloudBuildErrorAfter":1594252800000,"cloudBuildWarnAfter":1590019200000,"defaultNode10After":1594252800000,"minVersion":"3.0.5","node8DeploysDisabledAfter":1613390400000,"node8RuntimeDisabledAfter":1615809600000,"node8WarnAfter":1600128000000}
[debug] [2021-05-07T20:34:21.089Z] <<< HTTP RESPONSE 200 {"content-type":"application/json; charset=UTF-8","vary":"X-Origin, Referer, Origin,Accept-Encoding","date":"Fri, 07 May 2021 20:34:21 GMT","server":"ESF","cache-control":"private","x-xss-protection":"0","x-frame-options":"SAMEORIGIN","x-content-type-options":"nosniff","server-timing":"gfet4t7; dur=170","alt-svc":"h3-29=\":443\"; ma=2592000,h3-T051=\":443\"; ma=2592000,h3-Q050=\":443\"; ma=2592000,h3-Q046=\":443\"; ma=2592000,h3-Q043=\":443\"; ma=2592000,quic=\":443\"; ma=2592000; v=\"46,43\"","accept-ranges":"none","transfer-encoding":"chunked"}
[debug] [2021-05-07T20:34:21.091Z] >>> HTTP REQUEST POST https://iam.googleapis.com/v1/projects/spotbot-762b2/serviceAccounts/spotbot-762b2@appspot.gserviceaccount.com:testIamPermissions  
 {"permissions":["iam.serviceAccounts.actAs"]}
[debug] [2021-05-07T20:34:21.415Z] <<< HTTP RESPONSE 200 {"content-type":"application/json; charset=UTF-8","vary":"X-Origin, Referer, Origin,Accept-Encoding","date":"Fri, 07 May 2021 20:34:21 GMT","server":"ESF","cache-control":"private","x-xss-protection":"0","x-frame-options":"SAMEORIGIN","x-content-type-options":"nosniff","alt-svc":"h3-29=\":443\"; ma=2592000,h3-T051=\":443\"; ma=2592000,h3-Q050=\":443\"; ma=2592000,h3-Q046=\":443\"; ma=2592000,h3-Q043=\":443\"; ma=2592000,quic=\":443\"; ma=2592000; v=\"46,43\"","accept-ranges":"none","transfer-encoding":"chunked"}
[info] 
[info] === Deploying to 'spotbot-762b2'...
[info] 
[info] i  deploying functions 
[info] ✔  functions: Finished running predeploy script. 
[info] i  functions: ensuring required API cloudfunctions.googleapis.com is enabled... 
[info] i  functions: ensuring required API cloudbuild.googleapis.com is enabled... 
[debug] [2021-05-07T20:34:23.718Z] >>> HTTP REQUEST GET https://serviceusage.googleapis.com/v1/projects/spotbot-762b2/services/cloudfunctions.googleapis.com  
 
[debug] [2021-05-07T20:34:23.719Z] >>> HTTP REQUEST GET https://serviceusage.googleapis.com/v1/projects/spotbot-762b2/services/runtimeconfig.googleapis.com  
 
[debug] [2021-05-07T20:34:23.719Z] >>> HTTP REQUEST GET https://serviceusage.googleapis.com/v1/projects/spotbot-762b2/services/cloudbuild.googleapis.com  
 
[debug] [2021-05-07T20:34:24.171Z] <<< HTTP RESPONSE 200 {"content-type":"application/json; charset=UTF-8","vary":"X-Origin, Referer, Origin,Accept-Encoding","date":"Fri, 07 May 2021 20:34:24 GMT","server":"ESF","cache-control":"private","x-xss-protection":"0","x-frame-options":"SAMEORIGIN","x-content-type-options":"nosniff","alt-svc":"h3-29=\":443\"; ma=2592000,h3-T051=\":443\"; ma=2592000,h3-Q050=\":443\"; ma=2592000,h3-Q046=\":443\"; ma=2592000,h3-Q043=\":443\"; ma=2592000,quic=\":443\"; ma=2592000; v=\"46,43\"","accept-ranges":"none","transfer-encoding":"chunked"}
[debug] [2021-05-07T20:34:24.204Z] <<< HTTP RESPONSE 200 {"content-type":"application/json; charset=UTF-8","vary":"X-Origin, Referer, Origin,Accept-Encoding","date":"Fri, 07 May 2021 20:34:24 GMT","server":"ESF","cache-control":"private","x-xss-protection":"0","x-frame-options":"SAMEORIGIN","x-content-type-options":"nosniff","alt-svc":"h3-29=\":443\"; ma=2592000,h3-T051=\":443\"; ma=2592000,h3-Q050=\":443\"; ma=2592000,h3-Q046=\":443\"; ma=2592000,h3-Q043=\":443\"; ma=2592000,quic=\":443\"; ma=2592000; v=\"46,43\"","accept-ranges":"none","transfer-encoding":"chunked"}
[info] ✔  functions: required API cloudbuild.googleapis.com is enabled 
[debug] [2021-05-07T20:34:24.218Z] <<< HTTP RESPONSE 200 {"content-type":"application/json; charset=UTF-8","vary":"X-Origin, Referer, Origin,Accept-Encoding","date":"Fri, 07 May 2021 20:34:24 GMT","server":"ESF","cache-control":"private","x-xss-protection":"0","x-frame-options":"SAMEORIGIN","x-content-type-options":"nosniff","alt-svc":"h3-29=\":443\"; ma=2592000,h3-T051=\":443\"; ma=2592000,h3-Q050=\":443\"; ma=2592000,h3-Q046=\":443\"; ma=2592000,h3-Q043=\":443\"; ma=2592000,quic=\":443\"; ma=2592000; v=\"46,43\"","accept-ranges":"none","transfer-encoding":"chunked"}
[info] ✔  functions: required API cloudfunctions.googleapis.com is enabled 
[debug] [2021-05-07T20:34:24.219Z] >>> HTTP REQUEST GET https://firebase.googleapis.com/v1beta1/projects/spotbot-762b2/adminSdkConfig  
 
[debug] [2021-05-07T20:34:24.439Z] <<< HTTP RESPONSE 200 {"content-type":"application/json; charset=UTF-8","vary":"X-Origin, Referer, Origin,Accept-Encoding","date":"Fri, 07 May 2021 20:34:24 GMT","server":"ESF","cache-control":"private","x-xss-protection":"0","x-frame-options":"SAMEORIGIN","x-content-type-options":"nosniff","alt-svc":"h3-29=\":443\"; ma=2592000,h3-T051=\":443\"; ma=2592000,h3-Q050=\":443\"; ma=2592000,h3-Q046=\":443\"; ma=2592000,h3-Q043=\":443\"; ma=2592000,quic=\":443\"; ma=2592000; v=\"46,43\"","accept-ranges":"none","transfer-encoding":"chunked"}
[info] i  functions: preparing functions directory for uploading... 
[debug] [2021-05-07T20:34:24.441Z] >>> HTTP REQUEST GET https://runtimeconfig.googleapis.com/v1beta1/projects/spotbot-762b2/configs  
 
[debug] [2021-05-07T20:34:24.891Z] <<< HTTP RESPONSE 200 {"content-type":"application/json; charset=UTF-8","vary":"X-Origin, Referer, Origin,Accept-Encoding","date":"Fri, 07 May 2021 20:34:24 GMT","server":"ESF","cache-control":"private","x-xss-protection":"0","x-frame-options":"SAMEORIGIN","x-content-type-options":"nosniff","alt-svc":"h3-29=\":443\"; ma=2592000,h3-T051=\":443\"; ma=2592000,h3-Q050=\":443\"; ma=2592000,h3-Q046=\":443\"; ma=2592000,h3-Q043=\":443\"; ma=2592000,quic=\":443\"; ma=2592000; v=\"46,43\"","accept-ranges":"none","transfer-encoding":"chunked"}
[debug] [2021-05-07T20:34:24.893Z] >>> HTTP REQUEST GET https://runtimeconfig.googleapis.com/v1beta1/projects/spotbot-762b2/configs/spotify/variables  
 
[debug] [2021-05-07T20:34:25.297Z] <<< HTTP RESPONSE 200 {"content-type":"application/json; charset=UTF-8","vary":"X-Origin, Referer, Origin,Accept-Encoding","date":"Fri, 07 May 2021 20:34:25 GMT","server":"ESF","cache-control":"private","x-xss-protection":"0","x-frame-options":"SAMEORIGIN","x-content-type-options":"nosniff","alt-svc":"h3-29=\":443\"; ma=2592000,h3-T051=\":443\"; ma=2592000,h3-Q050=\":443\"; ma=2592000,h3-Q046=\":443\"; ma=2592000,h3-Q043=\":443\"; ma=2592000,quic=\":443\"; ma=2592000; v=\"46,43\"","accept-ranges":"none","transfer-encoding":"chunked"}
[debug] [2021-05-07T20:34:25.298Z] >>> HTTP REQUEST GET https://runtimeconfig.googleapis.com/v1beta1/projects/spotbot-762b2/configs/spotify/variables/local_redirect  
 
[debug] [2021-05-07T20:34:25.299Z] >>> HTTP REQUEST GET https://runtimeconfig.googleapis.com/v1beta1/projects/spotbot-762b2/configs/spotify/variables/redirect_uri  
 
[debug] [2021-05-07T20:34:25.299Z] >>> HTTP REQUEST GET https://runtimeconfig.googleapis.com/v1beta1/projects/spotbot-762b2/configs/spotify/variables/client_id  
 
[debug] [2021-05-07T20:34:25.299Z] >>> HTTP REQUEST GET https://runtimeconfig.googleapis.com/v1beta1/projects/spotbot-762b2/configs/spotify/variables/client_secret  
 
[debug] [2021-05-07T20:34:25.525Z] <<< HTTP RESPONSE 200 {"content-type":"application/json; charset=UTF-8","vary":"X-Origin, Referer, Origin,Accept-Encoding","date":"Fri, 07 May 2021 20:34:25 GMT","server":"ESF","cache-control":"private","x-xss-protection":"0","x-frame-options":"SAMEORIGIN","x-content-type-options":"nosniff","alt-svc":"h3-29=\":443\"; ma=2592000,h3-T051=\":443\"; ma=2592000,h3-Q050=\":443\"; ma=2592000,h3-Q046=\":443\"; ma=2592000,h3-Q043=\":443\"; ma=2592000,quic=\":443\"; ma=2592000; v=\"46,43\"","accept-ranges":"none","transfer-encoding":"chunked"}
[debug] [2021-05-07T20:34:25.527Z] <<< HTTP RESPONSE 200 {"content-type":"application/json; charset=UTF-8","vary":"X-Origin, Referer, Origin,Accept-Encoding","date":"Fri, 07 May 2021 20:34:25 GMT","server":"ESF","cache-control":"private","x-xss-protection":"0","x-frame-options":"SAMEORIGIN","x-content-type-options":"nosniff","alt-svc":"h3-29=\":443\"; ma=2592000,h3-T051=\":443\"; ma=2592000,h3-Q050=\":443\"; ma=2592000,h3-Q046=\":443\"; ma=2592000,h3-Q043=\":443\"; ma=2592000,quic=\":443\"; ma=2592000; v=\"46,43\"","accept-ranges":"none","transfer-encoding":"chunked"}
[debug] [2021-05-07T20:34:25.607Z] <<< HTTP RESPONSE 200 {"content-type":"application/json; charset=UTF-8","vary":"X-Origin, Referer, Origin,Accept-Encoding","date":"Fri, 07 May 2021 20:34:25 GMT","server":"ESF","cache-control":"private","x-xss-protection":"0","x-frame-options":"SAMEORIGIN","x-content-type-options":"nosniff","alt-svc":"h3-29=\":443\"; ma=2592000,h3-T051=\":443\"; ma=2592000,h3-Q050=\":443\"; ma=2592000,h3-Q046=\":443\"; ma=2592000,h3-Q043=\":443\"; ma=2592000,quic=\":443\"; ma=2592000; v=\"46,43\"","accept-ranges":"none","transfer-encoding":"chunked"}
[debug] [2021-05-07T20:34:25.620Z] <<< HTTP RESPONSE 200 {"content-type":"application/json; charset=UTF-8","vary":"X-Origin, Referer, Origin,Accept-Encoding","date":"Fri, 07 May 2021 20:34:25 GMT","server":"ESF","cache-control":"private","x-xss-protection":"0","x-frame-options":"SAMEORIGIN","x-content-type-options":"nosniff","alt-svc":"h3-29=\":443\"; ma=2592000,h3-T051=\":443\"; ma=2592000,h3-Q050=\":443\"; ma=2592000,h3-Q046=\":443\"; ma=2592000,h3-Q043=\":443\"; ma=2592000,quic=\":443\"; ma=2592000; v=\"46,43\"","accept-ranges":"none","transfer-encoding":"chunked"}
[info] i  functions: packaged functions (38.57 KB) for uploading 
[debug] [2021-05-07T20:34:26.061Z] > [functions] package.json contents: {
  "name": "functions",
  "description": "Cloud Functions for Firebase",
  "scripts": {
    "lint": "eslint .",
    "serve": "firebase emulators:start --only functions",
    "shell": "firebase functions:shell",
    "start": "npm run shell",
    "deploy": "firebase deploy --only functions",
    "logs": "firebase functions:log"
  },
  "engines": {
    "node": "12"
  },
  "main": "index.js",
  "dependencies": {
    "firebase-admin": "^9.2.0",
    "firebase-functions": "^3.11.0",
    "cookie-parser": "1.3.2",
    "querystring": "~0.2.0",
    "request": "~2.83.0"
  },
  "devDependencies": {
    "eslint": "^7.6.0",
    "eslint-config-google": "^0.14.0",
    "firebase-functions-test": "^0.2.0"
  },
  "private": true
}
[debug] [2021-05-07T20:34:26.062Z] >>> HTTP REQUEST GET https://cloudfunctions.googleapis.com/v1/projects/spotbot-762b2/locations/-/functions  
 
[debug] [2021-05-07T20:34:26.541Z] <<< HTTP RESPONSE 200 {"content-type":"application/json; charset=UTF-8","vary":"X-Origin, Referer, Origin,Accept-Encoding","date":"Fri, 07 May 2021 20:34:26 GMT","server":"ESF","cache-control":"private","x-xss-protection":"0","x-frame-options":"SAMEORIGIN","x-content-type-options":"nosniff","alt-svc":"h3-29=\":443\"; ma=2592000,h3-T051=\":443\"; ma=2592000,h3-Q050=\":443\"; ma=2592000,h3-Q046=\":443\"; ma=2592000,h3-Q043=\":443\"; ma=2592000,quic=\":443\"; ma=2592000; v=\"46,43\"","accept-ranges":"none","transfer-encoding":"chunked"}
[debug] [2021-05-07T20:34:26.543Z] >>> HTTP REQUEST POST https://cloudfunctions.googleapis.com/v1/projects/spotbot-762b2/locations/us-central1/functions:generateUploadUrl  
 
[debug] [2021-05-07T20:34:27.037Z] <<< HTTP RESPONSE 200 {"content-type":"application/json; charset=UTF-8","vary":"X-Origin, Referer, Origin,Accept-Encoding","date":"Fri, 07 May 2021 20:34:26 GMT","server":"ESF","cache-control":"private","x-xss-protection":"0","x-frame-options":"SAMEORIGIN","x-content-type-options":"nosniff","alt-svc":"h3-29=\":443\"; ma=2592000,h3-T051=\":443\"; ma=2592000,h3-Q050=\":443\"; ma=2592000,h3-Q046=\":443\"; ma=2592000,h3-Q043=\":443\"; ma=2592000,quic=\":443\"; ma=2592000; v=\"46,43\"","accept-ranges":"none","transfer-encoding":"chunked"}
[debug] [2021-05-07T20:34:27.038Z] >>> HTTP REQUEST PUT https://storage.googleapis.com/gcf-upload-us-central1-97c8a615-234c-41c5-ba8d-12ef503da733/0073d94c-bc39-4762-95ec-6f3f80c78fa6.zip?GoogleAccessId=service-111590602196@gcf-admin-robot.iam.gserviceaccount.com&Expires=1620421466&Signature=Q%2BHiygaksiAYkeJMaiuFkdXO3LhLYuyVpdnF7BmNNtyjPFZOjzvx2E9A2Zbm%2B0Fx1NoturNvNXXgeKnDP93V8dnBlhA6uEiRe4XzbFKBktdc4QlQmGgV5gz0LugoQuBUs9pvzSal1qW6kL4yQxMfwAsiDzwLXqYLVFpZj%2BrJC8u7SjzyxxwqaItB3Cg1zs9kjQS0qvFTeZhl96qfTkFECe7Xmu2ziH0CCAQ43c9q1q%2BTow0uxjcDp9v7YK5Rk6EYMvjGMfFzmsNYnJqH3i4JiBEOBySV8tv%2FJZC0Nobp0%2FX%2FalzRIfiVysSZW7Cw0OJviMFAJvgg6Ez%2Fh6sf5ni0XA%3D%3D  
 <request body omitted>
[debug] [2021-05-07T20:34:27.401Z] <<< HTTP RESPONSE 200 {"x-guploader-uploadid":"ABg5-UxxM6VlODtu5qzp8SwXS-jidQV2gFTeKmnoU37Ycm5cNEtC0KOXQPFjavtWC0MbRoMWpt0lTYSwJvcEO19M2XFzWzPgng","etag":"\"22ce6ca0f64f6fff03ef00e944f6eaf7\"","x-goog-generation":"1620419667371126","x-goog-metageneration":"1","x-goog-hash":"crc32c=IuZ73Q==, md5=Is5soPZPb/8D7wDpRPbq9w==","x-goog-stored-content-length":"39498","x-goog-stored-content-encoding":"identity","vary":"Origin","content-length":"0","date":"Fri, 07 May 2021 20:34:27 GMT","server":"UploadServer","content-type":"text/html; charset=UTF-8","alt-svc":"h3-29=\":443\"; ma=2592000,h3-T051=\":443\"; ma=2592000,h3-Q050=\":443\"; ma=2592000,h3-Q046=\":443\"; ma=2592000,h3-Q043=\":443\"; ma=2592000,quic=\":443\"; ma=2592000; v=\"46,43\""}
[info] ✔  functions: functions folder uploaded successfully 
[info] i  functions: updating Node.js 12 function login(us-central1)... 
[debug] [2021-05-07T20:34:27.407Z] >>> HTTP REQUEST PATCH https://cloudfunctions.googleapis.com/v1/projects/spotbot-762b2/locations/us-central1/functions/login {"updateMask":"sourceUploadUrl,name,labels,runtime,environmentVariables,httpsTrigger"} 
 {"sourceUploadUrl":"https://storage.googleapis.com/gcf-upload-us-central1-97c8a615-234c-41c5-ba8d-12ef503da733/0073d94c-bc39-4762-95ec-6f3f80c78fa6.zip?GoogleAccessId=service-111590602196@gcf-admin-robot.iam.gserviceaccount.com&Expires=1620421466&Signature=Q%2BHiygaksiAYkeJMaiuFkdXO3LhLYuyVpdnF7BmNNtyjPFZOjzvx2E9A2Zbm%2B0Fx1NoturNvNXXgeKnDP93V8dnBlhA6uEiRe4XzbFKBktdc4QlQmGgV5gz0LugoQuBUs9pvzSal1qW6kL4yQxMfwAsiDzwLXqYLVFpZj%2BrJC8u7SjzyxxwqaItB3Cg1zs9kjQS0qvFTeZhl96qfTkFECe7Xmu2ziH0CCAQ43c9q1q%2BTow0uxjcDp9v7YK5Rk6EYMvjGMfFzmsNYnJqH3i4JiBEOBySV8tv%2FJZC0Nobp0%2FX%2FalzRIfiVysSZW7Cw0OJviMFAJvgg6Ez%2Fh6sf5ni0XA%3D%3D","name":"projects/spotbot-762b2/locations/us-central1/functions/login","labels":{"deployment-tool":"cli-firebase"},"httpsTrigger":{},"runtime":"nodejs12","environmentVariables":{"FIREBASE_CONFIG":"{\"projectId\":\"spotbot-762b2\",\"storageBucket\":\"spotbot-762b2.appspot.com\"}"}}
[debug] [2021-05-07T20:34:28.061Z] <<< HTTP RESPONSE 200 {"content-type":"application/json; charset=UTF-8","vary":"X-Origin, Referer, Origin,Accept-Encoding","date":"Fri, 07 May 2021 20:34:28 GMT","server":"ESF","cache-control":"private","x-xss-protection":"0","x-frame-options":"SAMEORIGIN","x-content-type-options":"nosniff","alt-svc":"h3-29=\":443\"; ma=2592000,h3-T051=\":443\"; ma=2592000,h3-Q050=\":443\"; ma=2592000,h3-Q046=\":443\"; ma=2592000,h3-Q043=\":443\"; ma=2592000,quic=\":443\"; ma=2592000; v=\"46,43\"","accept-ranges":"none","transfer-encoding":"chunked"}
[debug] [2021-05-07T20:34:28.063Z] > refreshing access token with scopes: []
[debug] [2021-05-07T20:34:28.063Z] >>> HTTP REQUEST POST https://www.googleapis.com/oauth2/v3/token  
 <request body omitted>
[debug] [2021-05-07T20:34:28.185Z] <<< HTTP RESPONSE 200 {"cache-control":"no-cache, no-store, max-age=0, must-revalidate","pragma":"no-cache","date":"Fri, 07 May 2021 20:34:28 GMT","expires":"Mon, 01 Jan 1990 00:00:00 GMT","content-type":"application/json; charset=utf-8","vary":"X-Origin, Referer, Origin,Accept-Encoding","server":"scaffolding on HTTPServer2","x-xss-protection":"0","x-frame-options":"SAMEORIGIN","x-content-type-options":"nosniff","alt-svc":"h3-29=\":443\"; ma=2592000,h3-T051=\":443\"; ma=2592000,h3-Q050=\":443\"; ma=2592000,h3-Q046=\":443\"; ma=2592000,h3-Q043=\":443\"; ma=2592000,quic=\":443\"; ma=2592000; v=\"46,43\"","accept-ranges":"none","transfer-encoding":"chunked"}
[debug] [2021-05-07T20:34:28.224Z] >>> [apiv2][query] GET https://cloudfunctions.googleapis.com/v1/operations/c3BvdGJvdC03NjJiMi91cy1jZW50cmFsMS9sb2dpbi9wTEpQVWJqbDQyTQ [none]
[debug] [2021-05-07T20:34:28.453Z] <<< [apiv2][status] GET https://cloudfunctions.googleapis.com/v1/operations/c3BvdGJvdC03NjJiMi91cy1jZW50cmFsMS9sb2dpbi9wTEpQVWJqbDQyTQ 200
[debug] [2021-05-07T20:34:28.454Z] <<< [apiv2][body] GET https://cloudfunctions.googleapis.com/v1/operations/c3BvdGJvdC03NjJiMi91cy1jZW50cmFsMS9sb2dpbi9wTEpQVWJqbDQyTQ {"name":"operations/c3BvdGJvdC03NjJiMi91cy1jZW50cmFsMS9sb2dpbi9wTEpQVWJqbDQyTQ","metadata":{"@type":"type.googleapis.com/google.cloud.functions.v1.OperationMetadataV1","target":"projects/spotbot-762b2/locations/us-central1/functions/login","type":"UPDATE_FUNCTION","request":{"@type":"type.googleapis.com/google.cloud.functions.v1.CloudFunction","name":"projects/spotbot-762b2/locations/us-central1/functions/login","httpsTrigger":{},"status":"ACTIVE","entryPoint":"login","timeout":"60s","availableMemoryMb":256,"serviceAccountEmail":"spotbot-762b2@appspot.gserviceaccount.com","updateTime":"2021-05-02T18:31:40.367Z","versionId":"35","labels":{"deployment-tool":"cli-firebase"},"sourceUploadUrl":"https://storage.googleapis.com/gcf-upload-us-central1-97c8a615-234c-41c5-ba8d-12ef503da733/0073d94c-bc39-4762-95ec-6f3f80c78fa6.zip?GoogleAccessId=service-111590602196@gcf-admin-robot.iam.gserviceaccount.com&Expires=1620421466&Signature=Q%2BHiygaksiAYkeJMaiuFkdXO3LhLYuyVpdnF7BmNNtyjPFZOjzvx2E9A2Zbm%2B0Fx1NoturNvNXXgeKnDP93V8dnBlhA6uEiRe4XzbFKBktdc4QlQmGgV5gz0LugoQuBUs9pvzSal1qW6kL4yQxMfwAsiDzwLXqYLVFpZj%2BrJC8u7SjzyxxwqaItB3Cg1zs9kjQS0qvFTeZhl96qfTkFECe7Xmu2ziH0CCAQ43c9q1q%2BTow0uxjcDp9v7YK5Rk6EYMvjGMfFzmsNYnJqH3i4JiBEOBySV8tv%2FJZC0Nobp0%2FX%2FalzRIfiVysSZW7Cw0OJviMFAJvgg6Ez%2Fh6sf5ni0XA%3D%3D","environmentVariables":{"FIREBASE_CONFIG":"{\"projectId\":\"spotbot-762b2\",\"storageBucket\":\"spotbot-762b2.appspot.com\"}"},"runtime":"nodejs12","ingressSettings":"ALLOW_ALL","buildId":"291eb430-d8ee-4b83-a0bc-7bb34d83abb9"},"versionId":"36","updateTime":"2021-05-07T20:34:28Z"}}
[debug] [2021-05-07T20:34:28.960Z] [update-projects/spotbot-762b2/locations/us-central1/functions/login] Retrying task index 0
[debug] [2021-05-07T20:34:28.961Z] >>> [apiv2][query] GET https://cloudfunctions.googleapis.com/v1/operations/c3BvdGJvdC03NjJiMi91cy1jZW50cmFsMS9sb2dpbi9wTEpQVWJqbDQyTQ [none]
[debug] [2021-05-07T20:34:29.115Z] <<< [apiv2][status] GET https://cloudfunctions.googleapis.com/v1/operations/c3BvdGJvdC03NjJiMi91cy1jZW50cmFsMS9sb2dpbi9wTEpQVWJqbDQyTQ 200
[debug] [2021-05-07T20:34:29.115Z] <<< [apiv2][body] GET https://cloudfunctions.googleapis.com/v1/operations/c3BvdGJvdC03NjJiMi91cy1jZW50cmFsMS9sb2dpbi9wTEpQVWJqbDQyTQ {"name":"operations/c3BvdGJvdC03NjJiMi91cy1jZW50cmFsMS9sb2dpbi9wTEpQVWJqbDQyTQ","metadata":{"@type":"type.googleapis.com/google.cloud.functions.v1.OperationMetadataV1","target":"projects/spotbot-762b2/locations/us-central1/functions/login","type":"UPDATE_FUNCTION","request":{"@type":"type.googleapis.com/google.cloud.functions.v1.CloudFunction","name":"projects/spotbot-762b2/locations/us-central1/functions/login","httpsTrigger":{},"status":"ACTIVE","entryPoint":"login","timeout":"60s","availableMemoryMb":256,"serviceAccountEmail":"spotbot-762b2@appspot.gserviceaccount.com","updateTime":"2021-05-02T18:31:40.367Z","versionId":"35","labels":{"deployment-tool":"cli-firebase"},"sourceUploadUrl":"https://storage.googleapis.com/gcf-upload-us-central1-97c8a615-234c-41c5-ba8d-12ef503da733/0073d94c-bc39-4762-95ec-6f3f80c78fa6.zip?GoogleAccessId=service-111590602196@gcf-admin-robot.iam.gserviceaccount.com&Expires=1620421466&Signature=Q%2BHiygaksiAYkeJMaiuFkdXO3LhLYuyVpdnF7BmNNtyjPFZOjzvx2E9A2Zbm%2B0Fx1NoturNvNXXgeKnDP93V8dnBlhA6uEiRe4XzbFKBktdc4QlQmGgV5gz0LugoQuBUs9pvzSal1qW6kL4yQxMfwAsiDzwLXqYLVFpZj%2BrJC8u7SjzyxxwqaItB3Cg1zs9kjQS0qvFTeZhl96qfTkFECe7Xmu2ziH0CCAQ43c9q1q%2BTow0uxjcDp9v7YK5Rk6EYMvjGMfFzmsNYnJqH3i4JiBEOBySV8tv%2FJZC0Nobp0%2FX%2FalzRIfiVysSZW7Cw0OJviMFAJvgg6Ez%2Fh6sf5ni0XA%3D%3D","environmentVariables":{"FIREBASE_CONFIG":"{\"projectId\":\"spotbot-762b2\",\"storageBucket\":\"spotbot-762b2.appspot.com\"}"},"runtime":"nodejs12","ingressSettings":"ALLOW_ALL","buildId":"291eb430-d8ee-4b83-a0bc-7bb34d83abb9"},"versionId":"36","updateTime":"2021-05-07T20:34:28Z"}}
[debug] [2021-05-07T20:34:30.115Z] [update-projects/spotbot-762b2/locations/us-central1/functions/login] Retrying task index 0
[debug] [2021-05-07T20:34:30.116Z] >>> [apiv2][query] GET https://cloudfunctions.googleapis.com/v1/operations/c3BvdGJvdC03NjJiMi91cy1jZW50cmFsMS9sb2dpbi9wTEpQVWJqbDQyTQ [none]
[debug] [2021-05-07T20:34:30.267Z] <<< [apiv2][status] GET https://cloudfunctions.googleapis.com/v1/operations/c3BvdGJvdC03NjJiMi91cy1jZW50cmFsMS9sb2dpbi9wTEpQVWJqbDQyTQ 200
[debug] [2021-05-07T20:34:30.267Z] <<< [apiv2][body] GET https://cloudfunctions.googleapis.com/v1/operations/c3BvdGJvdC03NjJiMi91cy1jZW50cmFsMS9sb2dpbi9wTEpQVWJqbDQyTQ {"name":"operations/c3BvdGJvdC03NjJiMi91cy1jZW50cmFsMS9sb2dpbi9wTEpQVWJqbDQyTQ","metadata":{"@type":"type.googleapis.com/google.cloud.functions.v1.OperationMetadataV1","target":"projects/spotbot-762b2/locations/us-central1/functions/login","type":"UPDATE_FUNCTION","request":{"@type":"type.googleapis.com/google.cloud.functions.v1.CloudFunction","name":"projects/spotbot-762b2/locations/us-central1/functions/login","httpsTrigger":{},"status":"ACTIVE","entryPoint":"login","timeout":"60s","availableMemoryMb":256,"serviceAccountEmail":"spotbot-762b2@appspot.gserviceaccount.com","updateTime":"2021-05-02T18:31:40.367Z","versionId":"35","labels":{"deployment-tool":"cli-firebase"},"sourceUploadUrl":"https://storage.googleapis.com/gcf-upload-us-central1-97c8a615-234c-41c5-ba8d-12ef503da733/0073d94c-bc39-4762-95ec-6f3f80c78fa6.zip?GoogleAccessId=service-111590602196@gcf-admin-robot.iam.gserviceaccount.com&Expires=1620421466&Signature=Q%2BHiygaksiAYkeJMaiuFkdXO3LhLYuyVpdnF7BmNNtyjPFZOjzvx2E9A2Zbm%2B0Fx1NoturNvNXXgeKnDP93V8dnBlhA6uEiRe4XzbFKBktdc4QlQmGgV5gz0LugoQuBUs9pvzSal1qW6kL4yQxMfwAsiDzwLXqYLVFpZj%2BrJC8u7SjzyxxwqaItB3Cg1zs9kjQS0qvFTeZhl96qfTkFECe7Xmu2ziH0CCAQ43c9q1q%2BTow0uxjcDp9v7YK5Rk6EYMvjGMfFzmsNYnJqH3i4JiBEOBySV8tv%2FJZC0Nobp0%2FX%2FalzRIfiVysSZW7Cw0OJviMFAJvgg6Ez%2Fh6sf5ni0XA%3D%3D","environmentVariables":{"FIREBASE_CONFIG":"{\"projectId\":\"spotbot-762b2\",\"storageBucket\":\"spotbot-762b2.appspot.com\"}"},"runtime":"nodejs12","ingressSettings":"ALLOW_ALL","buildId":"291eb430-d8ee-4b83-a0bc-7bb34d83abb9"},"versionId":"36","updateTime":"2021-05-07T20:34:28Z","buildId":"b451d5ac-0f50-4036-8570-5a87a061b6bf"}}
[debug] [2021-05-07T20:34:32.268Z] [update-projects/spotbot-762b2/locations/us-central1/functions/login] Retrying task index 0
[debug] [2021-05-07T20:34:32.268Z] >>> [apiv2][query] GET https://cloudfunctions.googleapis.com/v1/operations/c3BvdGJvdC03NjJiMi91cy1jZW50cmFsMS9sb2dpbi9wTEpQVWJqbDQyTQ [none]
[debug] [2021-05-07T20:34:32.429Z] <<< [apiv2][status] GET https://cloudfunctions.googleapis.com/v1/operations/c3BvdGJvdC03NjJiMi91cy1jZW50cmFsMS9sb2dpbi9wTEpQVWJqbDQyTQ 200
[debug] [2021-05-07T20:34:32.429Z] <<< [apiv2][body] GET https://cloudfunctions.googleapis.com/v1/operations/c3BvdGJvdC03NjJiMi91cy1jZW50cmFsMS9sb2dpbi9wTEpQVWJqbDQyTQ {"name":"operations/c3BvdGJvdC03NjJiMi91cy1jZW50cmFsMS9sb2dpbi9wTEpQVWJqbDQyTQ","metadata":{"@type":"type.googleapis.com/google.cloud.functions.v1.OperationMetadataV1","target":"projects/spotbot-762b2/locations/us-central1/functions/login","type":"UPDATE_FUNCTION","request":{"@type":"type.googleapis.com/google.cloud.functions.v1.CloudFunction","name":"projects/spotbot-762b2/locations/us-central1/functions/login","httpsTrigger":{},"status":"ACTIVE","entryPoint":"login","timeout":"60s","availableMemoryMb":256,"serviceAccountEmail":"spotbot-762b2@appspot.gserviceaccount.com","updateTime":"2021-05-02T18:31:40.367Z","versionId":"35","labels":{"deployment-tool":"cli-firebase"},"sourceUploadUrl":"https://storage.googleapis.com/gcf-upload-us-central1-97c8a615-234c-41c5-ba8d-12ef503da733/0073d94c-bc39-4762-95ec-6f3f80c78fa6.zip?GoogleAccessId=service-111590602196@gcf-admin-robot.iam.gserviceaccount.com&Expires=1620421466&Signature=Q%2BHiygaksiAYkeJMaiuFkdXO3LhLYuyVpdnF7BmNNtyjPFZOjzvx2E9A2Zbm%2B0Fx1NoturNvNXXgeKnDP93V8dnBlhA6uEiRe4XzbFKBktdc4QlQmGgV5gz0LugoQuBUs9pvzSal1qW6kL4yQxMfwAsiDzwLXqYLVFpZj%2BrJC8u7SjzyxxwqaItB3Cg1zs9kjQS0qvFTeZhl96qfTkFECe7Xmu2ziH0CCAQ43c9q1q%2BTow0uxjcDp9v7YK5Rk6EYMvjGMfFzmsNYnJqH3i4JiBEOBySV8tv%2FJZC0Nobp0%2FX%2FalzRIfiVysSZW7Cw0OJviMFAJvgg6Ez%2Fh6sf5ni0XA%3D%3D","environmentVariables":{"FIREBASE_CONFIG":"{\"projectId\":\"spotbot-762b2\",\"storageBucket\":\"spotbot-762b2.appspot.com\"}"},"runtime":"nodejs12","ingressSettings":"ALLOW_ALL","buildId":"291eb430-d8ee-4b83-a0bc-7bb34d83abb9"},"versionId":"36","updateTime":"2021-05-07T20:34:28Z","buildId":"b451d5ac-0f50-4036-8570-5a87a061b6bf"}}
[debug] [2021-05-07T20:34:36.431Z] [update-projects/spotbot-762b2/locations/us-central1/functions/login] Retrying task index 0
[debug] [2021-05-07T20:34:36.431Z] >>> [apiv2][query] GET https://cloudfunctions.googleapis.com/v1/operations/c3BvdGJvdC03NjJiMi91cy1jZW50cmFsMS9sb2dpbi9wTEpQVWJqbDQyTQ [none]
[debug] [2021-05-07T20:34:36.585Z] <<< [apiv2][status] GET https://cloudfunctions.googleapis.com/v1/operations/c3BvdGJvdC03NjJiMi91cy1jZW50cmFsMS9sb2dpbi9wTEpQVWJqbDQyTQ 200
[debug] [2021-05-07T20:34:36.585Z] <<< [apiv2][body] GET https://cloudfunctions.googleapis.com/v1/operations/c3BvdGJvdC03NjJiMi91cy1jZW50cmFsMS9sb2dpbi9wTEpQVWJqbDQyTQ {"name":"operations/c3BvdGJvdC03NjJiMi91cy1jZW50cmFsMS9sb2dpbi9wTEpQVWJqbDQyTQ","metadata":{"@type":"type.googleapis.com/google.cloud.functions.v1.OperationMetadataV1","target":"projects/spotbot-762b2/locations/us-central1/functions/login","type":"UPDATE_FUNCTION","request":{"@type":"type.googleapis.com/google.cloud.functions.v1.CloudFunction","name":"projects/spotbot-762b2/locations/us-central1/functions/login","httpsTrigger":{},"status":"ACTIVE","entryPoint":"login","timeout":"60s","availableMemoryMb":256,"serviceAccountEmail":"spotbot-762b2@appspot.gserviceaccount.com","updateTime":"2021-05-02T18:31:40.367Z","versionId":"35","labels":{"deployment-tool":"cli-firebase"},"sourceUploadUrl":"https://storage.googleapis.com/gcf-upload-us-central1-97c8a615-234c-41c5-ba8d-12ef503da733/0073d94c-bc39-4762-95ec-6f3f80c78fa6.zip?GoogleAccessId=service-111590602196@gcf-admin-robot.iam.gserviceaccount.com&Expires=1620421466&Signature=Q%2BHiygaksiAYkeJMaiuFkdXO3LhLYuyVpdnF7BmNNtyjPFZOjzvx2E9A2Zbm%2B0Fx1NoturNvNXXgeKnDP93V8dnBlhA6uEiRe4XzbFKBktdc4QlQmGgV5gz0LugoQuBUs9pvzSal1qW6kL4yQxMfwAsiDzwLXqYLVFpZj%2BrJC8u7SjzyxxwqaItB3Cg1zs9kjQS0qvFTeZhl96qfTkFECe7Xmu2ziH0CCAQ43c9q1q%2BTow0uxjcDp9v7YK5Rk6EYMvjGMfFzmsNYnJqH3i4JiBEOBySV8tv%2FJZC0Nobp0%2FX%2FalzRIfiVysSZW7Cw0OJviMFAJvgg6Ez%2Fh6sf5ni0XA%3D%3D","environmentVariables":{"FIREBASE_CONFIG":"{\"projectId\":\"spotbot-762b2\",\"storageBucket\":\"spotbot-762b2.appspot.com\"}"},"runtime":"nodejs12","ingressSettings":"ALLOW_ALL","buildId":"291eb430-d8ee-4b83-a0bc-7bb34d83abb9"},"versionId":"36","updateTime":"2021-05-07T20:34:28Z","buildId":"b451d5ac-0f50-4036-8570-5a87a061b6bf"}}
[debug] [2021-05-07T20:34:44.591Z] [update-projects/spotbot-762b2/locations/us-central1/functions/login] Retrying task index 0
[debug] [2021-05-07T20:34:44.592Z] >>> [apiv2][query] GET https://cloudfunctions.googleapis.com/v1/operations/c3BvdGJvdC03NjJiMi91cy1jZW50cmFsMS9sb2dpbi9wTEpQVWJqbDQyTQ [none]
[debug] [2021-05-07T20:34:44.744Z] <<< [apiv2][status] GET https://cloudfunctions.googleapis.com/v1/operations/c3BvdGJvdC03NjJiMi91cy1jZW50cmFsMS9sb2dpbi9wTEpQVWJqbDQyTQ 200
[debug] [2021-05-07T20:34:44.744Z] <<< [apiv2][body] GET https://cloudfunctions.googleapis.com/v1/operations/c3BvdGJvdC03NjJiMi91cy1jZW50cmFsMS9sb2dpbi9wTEpQVWJqbDQyTQ {"name":"operations/c3BvdGJvdC03NjJiMi91cy1jZW50cmFsMS9sb2dpbi9wTEpQVWJqbDQyTQ","metadata":{"@type":"type.googleapis.com/google.cloud.functions.v1.OperationMetadataV1","target":"projects/spotbot-762b2/locations/us-central1/functions/login","type":"UPDATE_FUNCTION","request":{"@type":"type.googleapis.com/google.cloud.functions.v1.CloudFunction","name":"projects/spotbot-762b2/locations/us-central1/functions/login","httpsTrigger":{},"status":"ACTIVE","entryPoint":"login","timeout":"60s","availableMemoryMb":256,"serviceAccountEmail":"spotbot-762b2@appspot.gserviceaccount.com","updateTime":"2021-05-02T18:31:40.367Z","versionId":"35","labels":{"deployment-tool":"cli-firebase"},"sourceUploadUrl":"https://storage.googleapis.com/gcf-upload-us-central1-97c8a615-234c-41c5-ba8d-12ef503da733/0073d94c-bc39-4762-95ec-6f3f80c78fa6.zip?GoogleAccessId=service-111590602196@gcf-admin-robot.iam.gserviceaccount.com&Expires=1620421466&Signature=Q%2BHiygaksiAYkeJMaiuFkdXO3LhLYuyVpdnF7BmNNtyjPFZOjzvx2E9A2Zbm%2B0Fx1NoturNvNXXgeKnDP93V8dnBlhA6uEiRe4XzbFKBktdc4QlQmGgV5gz0LugoQuBUs9pvzSal1qW6kL4yQxMfwAsiDzwLXqYLVFpZj%2BrJC8u7SjzyxxwqaItB3Cg1zs9kjQS0qvFTeZhl96qfTkFECe7Xmu2ziH0CCAQ43c9q1q%2BTow0uxjcDp9v7YK5Rk6EYMvjGMfFzmsNYnJqH3i4JiBEOBySV8tv%2FJZC0Nobp0%2FX%2FalzRIfiVysSZW7Cw0OJviMFAJvgg6Ez%2Fh6sf5ni0XA%3D%3D","environmentVariables":{"FIREBASE_CONFIG":"{\"projectId\":\"spotbot-762b2\",\"storageBucket\":\"spotbot-762b2.appspot.com\"}"},"runtime":"nodejs12","ingressSettings":"ALLOW_ALL","buildId":"291eb430-d8ee-4b83-a0bc-7bb34d83abb9"},"versionId":"36","updateTime":"2021-05-07T20:34:28Z","buildId":"b451d5ac-0f50-4036-8570-5a87a061b6bf"}}
[debug] [2021-05-07T20:35:00.748Z] [update-projects/spotbot-762b2/locations/us-central1/functions/login] Retrying task index 0
[debug] [2021-05-07T20:35:00.749Z] >>> [apiv2][query] GET https://cloudfunctions.googleapis.com/v1/operations/c3BvdGJvdC03NjJiMi91cy1jZW50cmFsMS9sb2dpbi9wTEpQVWJqbDQyTQ [none]
[debug] [2021-05-07T20:35:00.913Z] <<< [apiv2][status] GET https://cloudfunctions.googleapis.com/v1/operations/c3BvdGJvdC03NjJiMi91cy1jZW50cmFsMS9sb2dpbi9wTEpQVWJqbDQyTQ 200
[debug] [2021-05-07T20:35:00.913Z] <<< [apiv2][body] GET https://cloudfunctions.googleapis.com/v1/operations/c3BvdGJvdC03NjJiMi91cy1jZW50cmFsMS9sb2dpbi9wTEpQVWJqbDQyTQ {"name":"operations/c3BvdGJvdC03NjJiMi91cy1jZW50cmFsMS9sb2dpbi9wTEpQVWJqbDQyTQ","metadata":{"@type":"type.googleapis.com/google.cloud.functions.v1.OperationMetadataV1","target":"projects/spotbot-762b2/locations/us-central1/functions/login","type":"UPDATE_FUNCTION","request":{"@type":"type.googleapis.com/google.cloud.functions.v1.CloudFunction","name":"projects/spotbot-762b2/locations/us-central1/functions/login","httpsTrigger":{},"status":"ACTIVE","entryPoint":"login","timeout":"60s","availableMemoryMb":256,"serviceAccountEmail":"spotbot-762b2@appspot.gserviceaccount.com","updateTime":"2021-05-02T18:31:40.367Z","versionId":"35","labels":{"deployment-tool":"cli-firebase"},"sourceUploadUrl":"https://storage.googleapis.com/gcf-upload-us-central1-97c8a615-234c-41c5-ba8d-12ef503da733/0073d94c-bc39-4762-95ec-6f3f80c78fa6.zip?GoogleAccessId=service-111590602196@gcf-admin-robot.iam.gserviceaccount.com&Expires=1620421466&Signature=Q%2BHiygaksiAYkeJMaiuFkdXO3LhLYuyVpdnF7BmNNtyjPFZOjzvx2E9A2Zbm%2B0Fx1NoturNvNXXgeKnDP93V8dnBlhA6uEiRe4XzbFKBktdc4QlQmGgV5gz0LugoQuBUs9pvzSal1qW6kL4yQxMfwAsiDzwLXqYLVFpZj%2BrJC8u7SjzyxxwqaItB3Cg1zs9kjQS0qvFTeZhl96qfTkFECe7Xmu2ziH0CCAQ43c9q1q%2BTow0uxjcDp9v7YK5Rk6EYMvjGMfFzmsNYnJqH3i4JiBEOBySV8tv%2FJZC0Nobp0%2FX%2FalzRIfiVysSZW7Cw0OJviMFAJvgg6Ez%2Fh6sf5ni0XA%3D%3D","environmentVariables":{"FIREBASE_CONFIG":"{\"projectId\":\"spotbot-762b2\",\"storageBucket\":\"spotbot-762b2.appspot.com\"}"},"runtime":"nodejs12","ingressSettings":"ALLOW_ALL","buildId":"291eb430-d8ee-4b83-a0bc-7bb34d83abb9"},"versionId":"36","updateTime":"2021-05-07T20:34:28Z","buildId":"b451d5ac-0f50-4036-8570-5a87a061b6bf"}}
